<?xml version="1.0" encoding="UTF-8"?>
<testng-results ignored="0" total="1" passed="1" failed="0" skipped="0">
  <reporter-output>
  </reporter-output>
  <suite started-at="2023-05-11T20:59:37 IST" name="Google Test Suite" finished-at="2023-05-11T21:00:30 IST" duration-ms="53234">
    <groups>
      <group name="cucumber">
        <method signature="AbstractTestNGCucumberTests.runScenario(io.cucumber.testng.PickleWrapper,io.cucumber.testng.FeatureWrapper)[pri:0, instance:runner.TestRunner@e15b7e8]" name="runScenario" class="io.cucumber.testng.AbstractTestNGCucumberTests"/>
      </group> <!-- cucumber -->
    </groups>
    <test started-at="2023-05-11T20:59:37 IST" name="Google HomePage Test" finished-at="2023-05-11T21:00:30 IST" duration-ms="53234">
      <class name="runner.TestRunner">
        <test-method is-config="true" signature="setUpClass(org.testng.ITestContext)[pri:0, instance:runner.TestRunner@e15b7e8]" started-at="2023-05-11T20:59:37 IST" name="setUpClass" finished-at="2023-05-11T20:59:37 IST" duration-ms="811" status="PASS">
          <params>
            <param index="0">
              <value>
                <![CDATA[org.testng.TestRunner@1450131a]]>
              </value>
            </param>
          </params>
          <reporter-output>
          </reporter-output>
        </test-method> <!-- setUpClass -->
        <test-method signature="runScenario(io.cucumber.testng.PickleWrapper,io.cucumber.testng.FeatureWrapper)[pri:0, instance:runner.TestRunner@e15b7e8]" started-at="2023-05-11T20:59:37 IST" name="runScenario" description="Runs Cucumber Scenarios" data-provider="scenarios" finished-at="2023-05-11T21:00:28 IST" duration-ms="50222" status="PASS">
          <params>
            <param index="0">
              <value>
                <![CDATA["Successful navigation to google home page"]]>
              </value>
            </param>
            <param index="1">
              <value>
                <![CDATA["Navigate to google home page"]]>
              </value>
            </param>
          </params>
          <reporter-output>
          </reporter-output>
        </test-method> <!-- runScenario -->
        <test-method is-config="true" signature="tearDownClass()[pri:0, instance:runner.TestRunner@e15b7e8]" started-at="2023-05-11T21:00:28 IST" name="tearDownClass" finished-at="2023-05-11T21:00:30 IST" duration-ms="2103" status="PASS">
          <reporter-output>
          </reporter-output>
        </test-method> <!-- tearDownClass -->
      </class> <!-- runner.TestRunner -->
    </test> <!-- Google HomePage Test -->
  </suite> <!-- Google Test Suite -->
</testng-results>
